<?xml version="1.0" encoding="UTF-8"?>
<!-- Generated by org.testng.reporters.JUnitXMLReporter -->
<testsuite ignored="0" hostname="DESKTOP-3BJMLDI" failures="0" tests="1" name="Test-Runner-Chrome" time="146.611" errors="0" timestamp="2023-01-04T11:34:32 IST">
  <testcase classname="vTiger.Contacts.TestScripts.CreateContactWithOrganizationPOMTest" name="CreateContactWithOrgTest" time="64.242"/>
</testsuite> <!-- Test-Runner-Chrome -->
