<?xml version="1.0" encoding="UTF-8"?>
<!-- Generated by org.testng.reporters.JUnitXMLReporter -->
<testsuite ignored="0" hostname="DESKTOP-3BJMLDI" failures="0" tests="1" name="Test-Runner-2" time="249.286" errors="0" timestamp="2023-01-25T15:33:08 IST">
  <testcase classname="vTiger.Contacts.TestScripts.CreateContactWithOrganizationPOMTest" name="CreateContactWithOrgTest" time="161.319"/>
</testsuite> <!-- Test-Runner-2 -->
