<?xml version="1.0" encoding="UTF-8"?>
<!-- Generated by org.testng.reporters.JUnitXMLReporter -->
<testsuite ignored="0" hostname="DESKTOP-3BJMLDI" failures="0" tests="1" name="Test-Runner-1" time="39.545" errors="0" timestamp="2023-01-04T11:13:48 IST">
  <testcase classname="vTiger.Organizations.TestScripts.CreateOrgWithIndustryPOMTest" name="CreateOrgaWithIndustryPOMTest" time="18.286"/>
</testsuite> <!-- Test-Runner-1 -->
