<?xml version="1.0" encoding="UTF-8"?>
<!-- Generated by org.testng.reporters.JUnitReportReporter -->
<testsuite hostname="DESKTOP-3BJMLDI" failures="0" tests="2" name="vTiger.Contacts.TestScripts.CreateContactWithOrganizationPOMTest" time="182.546" errors="0" timestamp="2023-01-04T11:34:32 IST" skipped="0">
  <testcase classname="vTiger.Contacts.TestScripts.CreateContactWithOrganizationPOMTest" name="CreateContactWithOrgTest" time="91.154"/>
  <system-out/>
  <testcase classname="vTiger.Contacts.TestScripts.CreateContactWithOrganizationPOMTest" name="CreateContactWithOrgTest" time="91.392"/>
  <system-out/>
</testsuite> <!-- vTiger.Contacts.TestScripts.CreateContactWithOrganizationPOMTest -->
