<?xml version="1.0" encoding="UTF-8"?>
<!-- Generated by org.testng.reporters.JUnitReportReporter -->
<testsuite hostname="DESKTOP-3BJMLDI" failures="0" tests="1" name="vTiger.Practice.ReadDataFromCmdLineTest" time="0.012" errors="0" timestamp="2023-01-25T16:07:21 IST" skipped="0">
  <testcase classname="vTiger.Practice.ReadDataFromCmdLineTest" name="readData" time="0.012"/>
  <system-out/>
</testsuite> <!-- vTiger.Practice.ReadDataFromCmdLineTest -->
