<?xml version="1.0" encoding="UTF-8"?>
<!-- Generated by org.testng.reporters.JUnitReportReporter -->
<testsuite hostname="DESKTOP-3BJMLDI" failures="0" tests="2" name="vTiger.Practice.DataProviderPractice" time="0.013" errors="0" timestamp="2022-12-29T10:32:52 IST" skipped="0">
  <testcase classname="vTiger.Practice.DataProviderPractice" name="addProductToCartTest" time="0.008"/>
  <system-out/>
  <testcase classname="vTiger.Practice.DataProviderPractice" name="addProductToCartTest" time="0.005"/>
  <system-out/>
</testsuite> <!-- vTiger.Practice.DataProviderPractice -->
