<?xml version="1.0" encoding="UTF-8"?>
<!-- Generated by org.testng.reporters.JUnitReportReporter -->
<testsuite hostname="DESKTOP-3BJMLDI" failures="0" tests="1" name="vTiger.Organizations.TestScripts.CreateOrgWithIndustryPOMTest" time="32.754" errors="0" timestamp="2023-01-25T15:14:19 IST" skipped="0">
  <testcase classname="vTiger.Organizations.TestScripts.CreateOrgWithIndustryPOMTest" name="CreateOrgaWithIndustryPOMTest" time="32.754"/>
  <system-out/>
</testsuite> <!-- vTiger.Organizations.TestScripts.CreateOrgWithIndustryPOMTest -->
