<?xml version="1.0" encoding="UTF-8"?>
<!-- Generated by org.testng.reporters.JUnitReportReporter -->
<testsuite hostname="DESKTOP-3BJMLDI" failures="0" tests="5" name="vTiger.Practice.DataProviderPractice1" time="123.915" errors="0" timestamp="2022-12-29T11:19:38 IST" skipped="0">
  <testcase classname="vTiger.Practice.DataProviderPractice1" name="createOrgWithIndustry" time="18.113"/>
  <system-out/>
  <testcase classname="vTiger.Practice.DataProviderPractice1" name="createOrgWithIndustry" time="20.925"/>
  <system-out/>
  <testcase classname="vTiger.Practice.DataProviderPractice1" name="createOrgWithIndustry" time="37.826"/>
  <system-out/>
  <testcase classname="vTiger.Practice.DataProviderPractice1" name="createOrgWithIndustry" time="25.450"/>
  <system-out/>
  <testcase classname="vTiger.Practice.DataProviderPractice1" name="createOrgWithIndustry" time="21.601"/>
  <system-out/>
</testsuite> <!-- vTiger.Practice.DataProviderPractice1 -->
