<?xml version="1.0" encoding="UTF-8"?>
<!-- Generated by org.testng.reporters.JUnitReportReporter -->
<testsuite hostname="DESKTOP-3BJMLDI" failures="0" tests="1" name="vTiger.Contacts.TestScripts.CreateContactWithOrganizationPOMTest" time="188.502" errors="0" timestamp="2023-01-25T15:33:09 IST" skipped="0">
  <testcase classname="vTiger.Contacts.TestScripts.CreateContactWithOrganizationPOMTest" name="CreateContactWithOrgTest" time="188.502"/>
  <system-out/>
</testsuite> <!-- vTiger.Contacts.TestScripts.CreateContactWithOrganizationPOMTest -->
