<?xml version="1.0" encoding="UTF-8"?>
<!-- Generated by org.testng.reporters.JUnitReportReporter -->
<testsuite hostname="DESKTOP-3BJMLDI" failures="0" tests="1" name="vTiger.Practice.SampleJDBCExecuteQuery" time="1.176" errors="0" timestamp="2023-02-01T11:22:26 IST" skipped="0">
  <testcase classname="vTiger.Practice.SampleJDBCExecuteQuery" name="sampleJDBC" time="1.176"/>
  <system-out/>
</testsuite> <!-- vTiger.Practice.SampleJDBCExecuteQuery -->
