<?xml version="1.0" encoding="UTF-8"?>
<!-- Generated by org.testng.reporters.JUnitReportReporter -->
<testsuite hostname="DESKTOP-3BJMLDI" failures="0" tests="1" name="vTiger.Organizations.TestScripts.CreateOrganizationWithDDTTest" time="125.880" errors="0" timestamp="2022-12-27T12:50:15 IST" skipped="0">
  <testcase classname="vTiger.Organizations.TestScripts.CreateOrganizationWithDDTTest" name="CreateOrgWithDDTTest" time="125.880"/>
  <system-out/>
</testsuite> <!-- vTiger.Organizations.TestScripts.CreateOrganizationWithDDTTest -->
