<?xml version="1.0" encoding="UTF-8"?>
<!-- Generated by org.testng.reporters.JUnitReportReporter -->
<testsuite hostname="DESKTOP-3BJMLDI" failures="0" tests="1" name="vTiger.Practice.SampleJDBCUpdateQuery" time="2.322" errors="0" timestamp="2023-02-01T11:15:02 IST" skipped="0">
  <testcase classname="vTiger.Practice.SampleJDBCUpdateQuery" name="sampleJDBC" time="2.322"/>
  <system-out/>
</testsuite> <!-- vTiger.Practice.SampleJDBCUpdateQuery -->
