<?xml version="1.0" encoding="UTF-8"?>
<!-- Generated by org.testng.reporters.JUnitReportReporter -->
<testsuite hostname="DESKTOP-3BJMLDI" failures="0" tests="1" name="vTiger.Contacts.TestScripts.CreateContactWithDDTTest" time="184.577" errors="0" timestamp="2022-12-27T12:38:33 IST" skipped="0">
  <testcase classname="vTiger.Contacts.TestScripts.CreateContactWithDDTTest" name="CreateContactWithTest" time="184.577"/>
  <system-out/>
</testsuite> <!-- vTiger.Contacts.TestScripts.CreateContactWithDDTTest -->
